[dotenv@17.2.3] injecting env (13) from .env.local -- tip: ≡ƒöÉ prevent committing .env to code: https://dotenvx.com/precommit
Γ£à  Connected to MongoDB
≡ƒùæ∩╕Å   Cleared existing data
≡ƒæñ  Created demo user + 5 supporter users
≡ƒÄ»  Created 5 campaigns
≡ƒÆ░  Created 60 payments
≡ƒôê  Created 7591 analytics events
≡ƒôó  Created 5 campaign updates
node : 
At line:1 char:1
+ node 
--experimental-vm-modules 
scripts/seed.js 2>&1 | 
Tee-Object -Var ...
+ ~~~~~~~~~~~~~~~~~~~~~~~~
~~~~~~~~~~~~~~~~~~~~~~~~~~
~
    + CategoryInfo        
      : NotSpecified: (:  
  String) [], RemoteExc   
 eption
    + FullyQualifiedError 
   Id : NativeCommandErr  
  or
 
Γ¥î  Error seeding 
database: TypeError: 
Cannot read properties of 
null (reading '_id')
    at seedDatabase (file:
///C:/Users/ragha/project/
get-me-a-chai/scripts/seed
.js:512:89)
    at process.processTick
sAndRejections (node:inter
nal/process/task_queues:10
5:5)
